
	Welcome to the xv6 Scheduler Simulator!

PROCESS 42 RUNNABLE 0x0 0xffffffff 0 'P_0'
 CPU
 CPU
 CPU
 CPU
 CPU
 EXIT
PROCESS 42 RUNNABLE 0x1 0xffffffff 0 'P_1'
 CPU
 CPU
 CPU
 CPU
 CPU
 EXIT
PROCESS 42 RUNNABLE 0x2 0xffffffff 0 'P_2'
 CPU
 CPU
 CPU
 CPU
 CPU
 EXIT
PROCESS 42 RUNNABLE 0x3 0xffffffff 0 'P_3'
 CPU
 CPU
 CPU
 CPU
 CPU
 EXIT
PROCESS 42 RUNNABLE 0x4 0xffffffff 0 'P_4'
 CPU
 CPU
 CPU
 CPU
 CPU
 EXIT
RUN: P_0 doing CPU
RUN: P_1 doing CPU
RUN: P_2 doing CPU
RUN: P_3 doing CPU
RUN: P_4 doing CPU
RUN: P_0 doing CPU
RUN: P_1 doing CPU
RUN: P_2 doing CPU
RUN: P_3 doing CPU
RUN: P_4 doing CPU
RUN: P_0 doing CPU
RUN: P_1 doing CPU
RUN: P_2 doing CPU
RUN: P_3 doing CPU
RUN: P_4 doing CPU
RUN: P_0 doing CPU
RUN: P_1 doing CPU
RUN: P_2 doing CPU
RUN: P_3 doing CPU
RUN: P_4 doing CPU
RUN: P_0 doing CPU
RUN: P_1 doing CPU
RUN: P_2 doing CPU
RUN: P_3 doing CPU
RUN: P_4 doing CPU
RUN: P_0 doing EXIT
RUN: P_1 doing EXIT
RUN: P_2 doing EXIT
RUN: P_3 doing EXIT
RUN: P_4 doing EXIT
No RUNNABLE process!
