
	Welcome to the xv6 Scheduler Simulator!

PROCESS 42 RUNNABLE 0x0 0xffffffff 0 'GOGO_0'
 CPU
 CPU
 CPU
 CPU
 CPU
 CPU
 CPU
 CPU
 CPU
 CPU
 EXIT
PROCESS 42 RUNNABLE 0x1 0xffffffff 0 'SLEEPY_1'
 WAIT
 CPU
 CPU
 CPU
 CPU
 CPU
 CPU
 CPU
 CPU
 CPU
 EXIT
PROCESS 42 RUNNABLE 0x2 0xffffffff 0 'SLEEPY_2'
 WAIT
 CPU
 CPU
 CPU
 CPU
 CPU
 CPU
 CPU
 CPU
 CPU
 EXIT
PROCESS 42 RUNNABLE 0x3 0xffffffff 0 'SLEEPY_3'
 WAIT
 CPU
 CPU
 CPU
 CPU
 CPU
 CPU
 CPU
 CPU
 CPU
 EXIT
PROCESS 42 RUNNABLE 0x4 0xffffffff 0 'SLEEPY_4'
 WAIT
 CPU
 CPU
 CPU
 CPU
 CPU
 CPU
 CPU
 CPU
 CPU
 EXIT
PROCESS 42 RUNNABLE 0x5 0xffffffff 0 'SLEEPY_5'
 WAIT
 CPU
 CPU
 CPU
 CPU
 CPU
 CPU
 CPU
 CPU
 CPU
 EXIT
PROCESS 42 RUNNABLE 0x6 0xffffffff 0 'WAKEYWAKEY_6'
 WAKE(1)
 WAKE(2)
 WAKE(3)
 WAKE(4)
 WAKE(5)
 CPU
 CPU
 CPU
 CPU
 CPU
 EXIT
RUN: GOGO_0 doing CPU
RUN: SLEEPY_1 doing WAIT
RUN: SLEEPY_2 doing WAIT
RUN: SLEEPY_3 doing WAIT
RUN: SLEEPY_4 doing WAIT
RUN: SLEEPY_5 doing WAIT
RUN: WAKEYWAKEY_6 doing WAKE(1)
RUN: GOGO_0 doing CPU
RUN: SLEEPY_1 doing CPU
RUN: WAKEYWAKEY_6 doing WAKE(2)
RUN: GOGO_0 doing CPU
RUN: SLEEPY_1 doing CPU
RUN: SLEEPY_2 doing CPU
RUN: WAKEYWAKEY_6 doing WAKE(3)
RUN: GOGO_0 doing CPU
RUN: SLEEPY_1 doing CPU
RUN: SLEEPY_2 doing CPU
RUN: SLEEPY_3 doing CPU
RUN: WAKEYWAKEY_6 doing WAKE(4)
RUN: GOGO_0 doing CPU
RUN: SLEEPY_1 doing CPU
RUN: SLEEPY_2 doing CPU
RUN: SLEEPY_3 doing CPU
RUN: SLEEPY_4 doing CPU
RUN: WAKEYWAKEY_6 doing WAKE(5)
RUN: GOGO_0 doing CPU
RUN: SLEEPY_1 doing CPU
RUN: SLEEPY_2 doing CPU
RUN: SLEEPY_3 doing CPU
RUN: SLEEPY_4 doing CPU
RUN: SLEEPY_5 doing CPU
RUN: WAKEYWAKEY_6 doing CPU
RUN: GOGO_0 doing CPU
RUN: SLEEPY_1 doing CPU
RUN: SLEEPY_2 doing CPU
RUN: SLEEPY_3 doing CPU
RUN: SLEEPY_4 doing CPU
RUN: SLEEPY_5 doing CPU
RUN: WAKEYWAKEY_6 doing CPU
RUN: GOGO_0 doing CPU
RUN: SLEEPY_1 doing CPU
RUN: SLEEPY_2 doing CPU
RUN: SLEEPY_3 doing CPU
RUN: SLEEPY_4 doing CPU
RUN: SLEEPY_5 doing CPU
RUN: WAKEYWAKEY_6 doing CPU
RUN: GOGO_0 doing CPU
RUN: SLEEPY_1 doing CPU
RUN: SLEEPY_2 doing CPU
RUN: SLEEPY_3 doing CPU
RUN: SLEEPY_4 doing CPU
RUN: SLEEPY_5 doing CPU
RUN: WAKEYWAKEY_6 doing CPU
RUN: GOGO_0 doing CPU
RUN: SLEEPY_1 doing CPU
RUN: SLEEPY_2 doing CPU
RUN: SLEEPY_3 doing CPU
RUN: SLEEPY_4 doing CPU
RUN: SLEEPY_5 doing CPU
RUN: WAKEYWAKEY_6 doing CPU
RUN: GOGO_0 doing EXIT
RUN: SLEEPY_1 doing EXIT
RUN: SLEEPY_2 doing CPU
RUN: SLEEPY_3 doing CPU
RUN: SLEEPY_4 doing CPU
RUN: SLEEPY_5 doing CPU
RUN: WAKEYWAKEY_6 doing EXIT
RUN: SLEEPY_2 doing EXIT
RUN: SLEEPY_3 doing CPU
RUN: SLEEPY_4 doing CPU
RUN: SLEEPY_5 doing CPU
RUN: SLEEPY_3 doing EXIT
RUN: SLEEPY_4 doing CPU
RUN: SLEEPY_5 doing CPU
RUN: SLEEPY_4 doing EXIT
RUN: SLEEPY_5 doing CPU
RUN: SLEEPY_5 doing EXIT
No RUNNABLE process!
